Error in gzfile(file, mode) : cannot open the connection
Calls: refresh_data -> saveRDS -> gzfile
In addition: Warning message:
In gzfile(file, mode) :
  cannot open compressed file '/data.rds', probable reason 'Read-only file system'
Execution halted
Error in gzfile(file, mode) : cannot open the connection
Calls: refresh_data -> saveRDS -> gzfile
In addition: Warning message:
In gzfile(file, mode) :
  cannot open compressed file '/data.rds', probable reason 'Read-only file system'
Execution halted
Error in gzfile(file, mode) : cannot open the connection
Calls: refresh_data -> saveRDS -> gzfile
In addition: Warning message:
In gzfile(file, mode) :
  cannot open compressed file '/data.rds', probable reason 'Read-only file system'
Execution halted
Error in gzfile(file, mode) : cannot open the connection
Calls: refresh_data -> saveRDS -> gzfile
In addition: Warning message:
In gzfile(file, mode) :
  cannot open compressed file '/data.rds', probable reason 'Read-only file system'
Execution halted
Error in gzfile(file, mode) : cannot open the connection
Calls: refresh_data -> saveRDS -> gzfile
In addition: Warning message:
In gzfile(file, mode) :
  cannot open compressed file '/data.rds', probable reason 'Read-only file system'
Execution halted
Error in gzfile(file, mode) : cannot open the connection
Calls: refresh_data -> saveRDS -> gzfile
In addition: Warning messages:
1: In dir.create("/data") :
  cannot create dir '/data', reason 'Read-only file system'
2: In gzfile(file, mode) :
  cannot open compressed file '/data/data.rds', probable reason 'No such file or directory'
Execution halted
Error: 'data-raw/github_data/Covid19Canada-master/timeseries_canada/cases_timeseries_canada.csv' does not exist in current working directory ('/Users/mcneil').
Execution halted
